[restartedMain] INFO  com.ems.main.EventManagementApplication  - Info Message....
[restartedMain] WARN  com.ems.main.EventManagementApplication  - Warn Message....
[restartedMain] ERROR com.ems.main.EventManagementApplication  - Error Message....
[restartedMain] FATAL com.ems.main.EventManagementApplication  - fatal Message....
[http-nio-8089-exec-2] INFO  com.ems.service.UserService  - getUsersByROleeeeeeee
[restartedMain] INFO  com.ems.main.EventManagementApplication  - Info Message....
[restartedMain] WARN  com.ems.main.EventManagementApplication  - Warn Message....
[restartedMain] ERROR com.ems.main.EventManagementApplication  - Error Message....
[restartedMain] FATAL com.ems.main.EventManagementApplication  - fatal Message....
[restartedMain] INFO  com.ems.main.EventManagementApplication  - Info Message....
[restartedMain] WARN  com.ems.main.EventManagementApplication  - Warn Message....
[restartedMain] ERROR com.ems.main.EventManagementApplication  - Error Message....
[restartedMain] FATAL com.ems.main.EventManagementApplication  - fatal Message....
[restartedMain] INFO  com.ems.main.EventManagementApplication  - Info Message....
[restartedMain] WARN  com.ems.main.EventManagementApplication  - Warn Message....
[restartedMain] ERROR com.ems.main.EventManagementApplication  - Error Message....
[restartedMain] FATAL com.ems.main.EventManagementApplication  - fatal Message....
[restartedMain] INFO  com.ems.main.EventManagementApplication  - Info Message....
[restartedMain] WARN  com.ems.main.EventManagementApplication  - Warn Message....
[restartedMain] ERROR com.ems.main.EventManagementApplication  - Error Message....
[restartedMain] FATAL com.ems.main.EventManagementApplication  - fatal Message....
[restartedMain] INFO  com.ems.main.EventManagementApplication  - Info Message....
[restartedMain] WARN  com.ems.main.EventManagementApplication  - Warn Message....
[restartedMain] ERROR com.ems.main.EventManagementApplication  - Error Message....
[restartedMain] FATAL com.ems.main.EventManagementApplication  - fatal Message....
[restartedMain] INFO  com.ems.main.EventManagementApplication  - Info Message....
[restartedMain] WARN  com.ems.main.EventManagementApplication  - Warn Message....
[restartedMain] ERROR com.ems.main.EventManagementApplication  - Error Message....
[restartedMain] FATAL com.ems.main.EventManagementApplication  - fatal Message....
[restartedMain] INFO  com.ems.main.EventManagementApplication  - Info Message....
[restartedMain] WARN  com.ems.main.EventManagementApplication  - Warn Message....
[restartedMain] ERROR com.ems.main.EventManagementApplication  - Error Message....
[restartedMain] FATAL com.ems.main.EventManagementApplication  - fatal Message....
[restartedMain] INFO  com.ems.main.EventManagementApplication  - Info Message....
[restartedMain] WARN  com.ems.main.EventManagementApplication  - Warn Message....
[restartedMain] ERROR com.ems.main.EventManagementApplication  - Error Message....
[restartedMain] FATAL com.ems.main.EventManagementApplication  - fatal Message....
[restartedMain] INFO  com.ems.main.EventManagementApplication  - Info Message....
[restartedMain] WARN  com.ems.main.EventManagementApplication  - Warn Message....
[restartedMain] ERROR com.ems.main.EventManagementApplication  - Error Message....
[restartedMain] FATAL com.ems.main.EventManagementApplication  - fatal Message....
[restartedMain] INFO  com.ems.main.EventManagementApplication  - Info Message....
[restartedMain] WARN  com.ems.main.EventManagementApplication  - Warn Message....
[restartedMain] ERROR com.ems.main.EventManagementApplication  - Error Message....
[restartedMain] FATAL com.ems.main.EventManagementApplication  - fatal Message....
[restartedMain] INFO  com.ems.main.EventManagementApplication  - Info Message....
[restartedMain] WARN  com.ems.main.EventManagementApplication  - Warn Message....
[restartedMain] ERROR com.ems.main.EventManagementApplication  - Error Message....
[restartedMain] FATAL com.ems.main.EventManagementApplication  - fatal Message....
[restartedMain] INFO  com.ems.main.EventManagementApplication  - Info Message....
[restartedMain] WARN  com.ems.main.EventManagementApplication  - Warn Message....
[restartedMain] ERROR com.ems.main.EventManagementApplication  - Error Message....
[restartedMain] FATAL com.ems.main.EventManagementApplication  - fatal Message....
[restartedMain] INFO  com.ems.main.EventManagementApplication  - Info Message....
[restartedMain] WARN  com.ems.main.EventManagementApplication  - Warn Message....
[restartedMain] ERROR com.ems.main.EventManagementApplication  - Error Message....
[restartedMain] FATAL com.ems.main.EventManagementApplication  - fatal Message....
[restartedMain] INFO  com.ems.main.EventManagementApplication  - Info Message....
[restartedMain] WARN  com.ems.main.EventManagementApplication  - Warn Message....
[restartedMain] ERROR com.ems.main.EventManagementApplication  - Error Message....
[restartedMain] FATAL com.ems.main.EventManagementApplication  - fatal Message....
[restartedMain] INFO  com.ems.main.EventManagementApplication  - Info Message....
[restartedMain] WARN  com.ems.main.EventManagementApplication  - Warn Message....
[restartedMain] ERROR com.ems.main.EventManagementApplication  - Error Message....
[restartedMain] FATAL com.ems.main.EventManagementApplication  - fatal Message....
[restartedMain] INFO  com.ems.main.EventManagementApplication  - Info Message....
[restartedMain] WARN  com.ems.main.EventManagementApplication  - Warn Message....
[restartedMain] ERROR com.ems.main.EventManagementApplication  - Error Message....
[restartedMain] FATAL com.ems.main.EventManagementApplication  - fatal Message....
[restartedMain] INFO  com.ems.main.EventManagementApplication  - Info Message....
[restartedMain] WARN  com.ems.main.EventManagementApplication  - Warn Message....
[restartedMain] ERROR com.ems.main.EventManagementApplication  - Error Message....
[restartedMain] FATAL com.ems.main.EventManagementApplication  - fatal Message....
[restartedMain] INFO  com.ems.main.EventManagementApplication  - Info Message....
[restartedMain] WARN  com.ems.main.EventManagementApplication  - Warn Message....
[restartedMain] ERROR com.ems.main.EventManagementApplication  - Error Message....
[restartedMain] FATAL com.ems.main.EventManagementApplication  - fatal Message....
[restartedMain] INFO  com.ems.main.EventManagementApplication  - Info Message....
[restartedMain] WARN  com.ems.main.EventManagementApplication  - Warn Message....
[restartedMain] ERROR com.ems.main.EventManagementApplication  - Error Message....
[restartedMain] FATAL com.ems.main.EventManagementApplication  - fatal Message....
[restartedMain] INFO  com.ems.main.EventManagementApplication  - Info Message....
[restartedMain] WARN  com.ems.main.EventManagementApplication  - Warn Message....
[restartedMain] ERROR com.ems.main.EventManagementApplication  - Error Message....
[restartedMain] FATAL com.ems.main.EventManagementApplication  - fatal Message....
[restartedMain] INFO  com.ems.main.EventManagementApplication  - Info Message....
[restartedMain] WARN  com.ems.main.EventManagementApplication  - Warn Message....
[restartedMain] ERROR com.ems.main.EventManagementApplication  - Error Message....
[restartedMain] FATAL com.ems.main.EventManagementApplication  - fatal Message....
[restartedMain] INFO  com.ems.main.EventManagementApplication  - Info Message....
[restartedMain] WARN  com.ems.main.EventManagementApplication  - Warn Message....
[restartedMain] ERROR com.ems.main.EventManagementApplication  - Error Message....
[restartedMain] FATAL com.ems.main.EventManagementApplication  - fatal Message....
[restartedMain] INFO  com.ems.main.EventManagementApplication  - Info Message....
[restartedMain] WARN  com.ems.main.EventManagementApplication  - Warn Message....
[restartedMain] ERROR com.ems.main.EventManagementApplication  - Error Message....
[restartedMain] FATAL com.ems.main.EventManagementApplication  - fatal Message....
[restartedMain] INFO  com.ems.main.EventManagementApplication  - Info Message....
[restartedMain] WARN  com.ems.main.EventManagementApplication  - Warn Message....
[restartedMain] ERROR com.ems.main.EventManagementApplication  - Error Message....
[restartedMain] FATAL com.ems.main.EventManagementApplication  - fatal Message....
[restartedMain] INFO  com.ems.main.EventManagementApplication  - Info Message....
[restartedMain] WARN  com.ems.main.EventManagementApplication  - Warn Message....
[restartedMain] ERROR com.ems.main.EventManagementApplication  - Error Message....
[restartedMain] FATAL com.ems.main.EventManagementApplication  - fatal Message....
[restartedMain] INFO  com.ems.main.EventManagementApplication  - Info Message....
[restartedMain] WARN  com.ems.main.EventManagementApplication  - Warn Message....
[restartedMain] ERROR com.ems.main.EventManagementApplication  - Error Message....
[restartedMain] FATAL com.ems.main.EventManagementApplication  - fatal Message....
[restartedMain] INFO  com.ems.main.EventManagementApplication  - Info Message....
[restartedMain] WARN  com.ems.main.EventManagementApplication  - Warn Message....
[restartedMain] ERROR com.ems.main.EventManagementApplication  - Error Message....
[restartedMain] FATAL com.ems.main.EventManagementApplication  - fatal Message....
[restartedMain] INFO  com.ems.main.EventManagementApplication  - Info Message....
[restartedMain] WARN  com.ems.main.EventManagementApplication  - Warn Message....
[restartedMain] ERROR com.ems.main.EventManagementApplication  - Error Message....
[restartedMain] FATAL com.ems.main.EventManagementApplication  - fatal Message....
[restartedMain] INFO  com.ems.main.EventManagementApplication  - Info Message....
[restartedMain] WARN  com.ems.main.EventManagementApplication  - Warn Message....
[restartedMain] ERROR com.ems.main.EventManagementApplication  - Error Message....
[restartedMain] FATAL com.ems.main.EventManagementApplication  - fatal Message....
[restartedMain] INFO  com.ems.main.EventManagementApplication  - Info Message....
[restartedMain] WARN  com.ems.main.EventManagementApplication  - Warn Message....
[restartedMain] ERROR com.ems.main.EventManagementApplication  - Error Message....
[restartedMain] FATAL com.ems.main.EventManagementApplication  - fatal Message....
[http-nio-8089-exec-1] INFO  com.ems.service.UserService  - getUsersByRole
[http-nio-8089-exec-8] INFO  com.ems.service.UserService  - addUser
[http-nio-8089-exec-2] INFO  com.ems.service.UserService  - updateStatus
[http-nio-8089-exec-4] INFO  com.ems.service.UserService  - updateOTP
[http-nio-8089-exec-4] INFO  com.ems.service.UserService  - updateLoginAttempts
[http-nio-8089-exec-4] INFO  com.ems.service.UserService  - updateUserById
[http-nio-8089-exec-4] INFO  com.ems.service.UserService  - updateUserById
[http-nio-8089-exec-6] INFO  com.ems.service.UserService  - addUser
[http-nio-8089-exec-7] INFO  com.ems.service.UserService  - updateLoginAttempts
[http-nio-8089-exec-1] INFO  com.ems.service.UserService  - updateStatus
[http-nio-8089-exec-10] INFO  com.ems.service.UserService  - updateOTP
[http-nio-8089-exec-10] INFO  com.ems.service.UserService  - updateLoginAttempts
[http-nio-8089-exec-1] INFO  com.ems.service.UserService  - updateOTP
[http-nio-8089-exec-1] INFO  com.ems.service.UserService  - updateLoginAttempts
[http-nio-8089-exec-7] INFO  com.ems.service.UserService  - getUsersByRole
[http-nio-8089-exec-9] INFO  com.ems.service.UserService  - getUsersByRole
[http-nio-8089-exec-5] INFO  com.ems.service.UserService  - addUser
[http-nio-8089-exec-7] INFO  com.ems.service.UserService  - updateLoginAttempts
[http-nio-8089-exec-10] INFO  com.ems.service.UserService  - updateStatus
[http-nio-8089-exec-2] INFO  com.ems.service.UserService  - updateLoginAttempts
[http-nio-8089-exec-3] INFO  com.ems.service.UserService  - updateOTP
[http-nio-8089-exec-3] INFO  com.ems.service.UserService  - updateLoginAttempts
[http-nio-8089-exec-4] INFO  com.ems.service.UserService  - updateOTP
[http-nio-8089-exec-4] INFO  com.ems.service.UserService  - updateLoginAttempts
[http-nio-8089-exec-5] INFO  com.ems.service.UserService  - updateOTP
[http-nio-8089-exec-5] INFO  com.ems.service.UserService  - updateLoginAttempts
[http-nio-8089-exec-1] INFO  com.ems.service.UserService  - updateOTP
[http-nio-8089-exec-1] INFO  com.ems.service.UserService  - updateLoginAttempts
[http-nio-8089-exec-8] INFO  com.ems.service.UserService  - updateUserById
[http-nio-8089-exec-8] INFO  com.ems.service.UserService  - updateUserById
[http-nio-8089-exec-6] INFO  com.ems.service.UserService  - updateOTP
[http-nio-8089-exec-6] INFO  com.ems.service.UserService  - updateLoginAttempts
[http-nio-8089-exec-2] INFO  com.ems.service.UserService  - getUsersByRole
[http-nio-8089-exec-5] INFO  com.ems.service.UserService  - updateUserById
[http-nio-8089-exec-5] INFO  com.ems.service.UserService  - updateUserById
[http-nio-8089-exec-7] INFO  com.ems.service.UserService  - getUsersByRole
[http-nio-8089-exec-6] INFO  com.ems.service.UserService  - getUsersByRole
[http-nio-8089-exec-9] INFO  com.ems.service.UserService  - getUsersByRole
[http-nio-8089-exec-10] INFO  com.ems.service.UserService  - updateUserById
[http-nio-8089-exec-10] INFO  com.ems.service.UserService  - updateUserById
[http-nio-8089-exec-2] INFO  com.ems.service.UserService  - getUsersByRole
[http-nio-8089-exec-3] INFO  com.ems.service.UserService  - updateOTP
[http-nio-8089-exec-3] INFO  com.ems.service.UserService  - updateLoginAttempts
[http-nio-8089-exec-3] INFO  com.ems.service.UserService  - updateOTP
[http-nio-8089-exec-3] INFO  com.ems.service.UserService  - updateLoginAttempts
[restartedMain] INFO  com.ems.main.EventManagementApplication  - Info Message....
[restartedMain] WARN  com.ems.main.EventManagementApplication  - Warn Message....
[restartedMain] ERROR com.ems.main.EventManagementApplication  - Error Message....
[restartedMain] FATAL com.ems.main.EventManagementApplication  - fatal Message....
[http-nio-8089-exec-2] INFO  com.ems.service.UserService  - User getUserByEmail
[http-nio-8089-exec-2] INFO  com.ems.service.UserService  - addUser
[http-nio-8089-exec-4] INFO  com.ems.service.UserService  - User getUserByEmail
[http-nio-8089-exec-6] INFO  com.ems.service.UserService  - User getUserByEmail
[http-nio-8089-exec-6] INFO  com.ems.service.UserService  - User getUserByEmail
[http-nio-8089-exec-6] INFO  com.ems.service.UserService  - updateLoginAttempts
[http-nio-8089-exec-8] INFO  com.ems.service.UserService  - User getUserByEmail
[http-nio-8089-exec-8] INFO  com.ems.service.UserService  - User getUserByEmail
[http-nio-8089-exec-8] INFO  com.ems.service.UserService  - updateLoginAttempts
[http-nio-8089-exec-9] INFO  com.ems.service.UserService  - User getUserByEmail
[http-nio-8089-exec-1] INFO  com.ems.service.UserService  - User getUserByEmail
[http-nio-8089-exec-2] INFO  com.ems.service.UserService  - Inside UserService => User getUserById method )
[http-nio-8089-exec-3] INFO  com.ems.service.UserService  - User getUserByEmail
[http-nio-8089-exec-3] INFO  com.ems.service.UserService  - User getUserByEmail
[http-nio-8089-exec-3] INFO  com.ems.service.UserService  - updateLoginAttempts
[http-nio-8089-exec-4] INFO  com.ems.service.UserService  - User getUserByEmail
[http-nio-8089-exec-6] INFO  com.ems.service.UserService  - User getUserByEmail
[http-nio-8089-exec-9] INFO  com.ems.service.UserService  - Inside UserService => User getUserById method )
[http-nio-8089-exec-10] INFO  com.ems.service.UserService  - updateUserById
[http-nio-8089-exec-10] INFO  com.ems.service.UserService  - updateUserById
[http-nio-8089-exec-3] INFO  com.ems.service.UserService  - User getUserByEmail
[http-nio-8089-exec-6] INFO  com.ems.service.UserService  - User getUserByEmail
[http-nio-8089-exec-7] INFO  com.ems.service.UserService  - User getUserByEmail
[http-nio-8089-exec-8] INFO  com.ems.service.UserService  - addUser
[http-nio-8089-exec-1] INFO  com.ems.service.UserService  - User getUserByEmail
[http-nio-8089-exec-1] INFO  com.ems.service.UserService  - User getUserByEmail
[http-nio-8089-exec-1] INFO  com.ems.service.UserService  - updateLoginAttempts
[http-nio-8089-exec-10] INFO  com.ems.service.UserService  - User getUserByEmail
[http-nio-8089-exec-3] INFO  com.ems.service.UserService  - Inside UserService => User getUserById method )
[http-nio-8089-exec-9] INFO  com.ems.service.UserService  - Inside UserService => User getUserById method )
[restartedMain] INFO  com.ems.main.EventManagementApplication  - Info Message....
[restartedMain] WARN  com.ems.main.EventManagementApplication  - Warn Message....
[restartedMain] ERROR com.ems.main.EventManagementApplication  - Error Message....
[restartedMain] FATAL com.ems.main.EventManagementApplication  - fatal Message....
[http-nio-8089-exec-3] INFO  com.ems.service.UserService  - User getUserByEmail
[http-nio-8089-exec-3] INFO  com.ems.service.UserService  - addUser
[http-nio-8089-exec-4] INFO  com.ems.service.UserService  - User getUserByEmail
[http-nio-8089-exec-4] INFO  com.ems.service.UserService  - User getUserByEmail
[http-nio-8089-exec-4] INFO  com.ems.service.UserService  - updateLoginAttempts
[http-nio-8089-exec-5] INFO  com.ems.service.UserService  - User getUserByEmail
[http-nio-8089-exec-6] INFO  com.ems.service.UserService  - getUsersByRole
[http-nio-8089-exec-8] INFO  com.ems.service.UserService  - getUsersByRole
[http-nio-8089-exec-10] INFO  com.ems.service.UserService  - getUsersByRole
[http-nio-8089-exec-3] INFO  com.ems.service.UserService  - User getUserByEmail
[http-nio-8089-exec-3] INFO  com.ems.service.UserService  - User getUserByEmail
[http-nio-8089-exec-3] INFO  com.ems.service.UserService  - updateLoginAttempts
[http-nio-8089-exec-2] INFO  com.ems.service.UserService  - User getUserByEmail
[http-nio-8089-exec-2] INFO  com.ems.service.UserService  - User getUserByEmail
[http-nio-8089-exec-2] INFO  com.ems.service.UserService  - updateLoginAttempts
[http-nio-8089-exec-4] INFO  com.ems.service.UserService  - User getUserByEmail
[http-nio-8089-exec-7] INFO  com.ems.service.UserService  - Inside UserService => User getUserById method )
[http-nio-8089-exec-8] INFO  com.ems.service.UserService  - Inside UserService => User getUserById method )
[restartedMain] INFO  com.ems.main.EventManagementApplication  - Info Message....
[restartedMain] WARN  com.ems.main.EventManagementApplication  - Warn Message....
[restartedMain] ERROR com.ems.main.EventManagementApplication  - Error Message....
[restartedMain] FATAL com.ems.main.EventManagementApplication  - fatal Message....
[restartedMain] INFO  com.ems.main.EventManagementApplication  - Info Message....
[restartedMain] WARN  com.ems.main.EventManagementApplication  - Warn Message....
[restartedMain] ERROR com.ems.main.EventManagementApplication  - Error Message....
[restartedMain] FATAL com.ems.main.EventManagementApplication  - fatal Message....
[http-nio-8089-exec-8] INFO  com.ems.service.UserService  - Inside UserService => User getUserById method )
[http-nio-8089-exec-9] INFO  com.ems.service.UserService  - Inside UserService => User getUserById method )
[http-nio-8089-exec-2] INFO  com.ems.service.UserService  - Inside UserService => User getUserById method )
[http-nio-8089-exec-5] INFO  com.ems.service.UserService  - Inside UserService => User getUserById method )
[http-nio-8089-exec-8] INFO  com.ems.service.UserService  - Inside UserService => User getUserById method )
[http-nio-8089-exec-3] INFO  com.ems.service.UserService  - User getUserByEmail
[http-nio-8089-exec-5] INFO  com.ems.service.UserService  - User getUserByEmail
[http-nio-8089-exec-5] INFO  com.ems.service.UserService  - User getUserByEmail
[http-nio-8089-exec-5] INFO  com.ems.service.UserService  - updateLoginAttempts
[http-nio-8089-exec-6] INFO  com.ems.service.UserService  - User getUserByEmail
[http-nio-8089-exec-8] INFO  com.ems.service.UserService  - User getUserByEmail
[restartedMain] INFO  com.ems.main.EventManagementApplication  - Info Message....
[restartedMain] WARN  com.ems.main.EventManagementApplication  - Warn Message....
[restartedMain] ERROR com.ems.main.EventManagementApplication  - Error Message....
[restartedMain] FATAL com.ems.main.EventManagementApplication  - fatal Message....
[http-nio-8089-exec-5] INFO  com.ems.service.UserService  - User getUserByEmail
[restartedMain] INFO  com.ems.main.EventManagementApplication  - Info Message....
[restartedMain] WARN  com.ems.main.EventManagementApplication  - Warn Message....
[restartedMain] ERROR com.ems.main.EventManagementApplication  - Error Message....
[restartedMain] FATAL com.ems.main.EventManagementApplication  - fatal Message....
[http-nio-8089-exec-2] INFO  com.ems.service.UserService  - User getUserByEmail
[restartedMain] INFO  com.ems.main.EventManagementApplication  - Info Message....
[restartedMain] WARN  com.ems.main.EventManagementApplication  - Warn Message....
[restartedMain] ERROR com.ems.main.EventManagementApplication  - Error Message....
[restartedMain] FATAL com.ems.main.EventManagementApplication  - fatal Message....
[http-nio-8089-exec-1] INFO  com.ems.service.UserService  - Inside UserService => User getUserById method )
[http-nio-8089-exec-3] INFO  com.ems.service.UserService  - updateUserById
[http-nio-8089-exec-3] INFO  com.ems.service.UserService  - updateUserById
[http-nio-8089-exec-5] INFO  com.ems.service.UserService  - User getUserByEmail
[http-nio-8089-exec-9] INFO  com.ems.service.UserService  - User getUserByEmail
[restartedMain] INFO  com.ems.main.EventManagementApplication  - Info Message....
[restartedMain] WARN  com.ems.main.EventManagementApplication  - Warn Message....
[restartedMain] ERROR com.ems.main.EventManagementApplication  - Error Message....
[restartedMain] FATAL com.ems.main.EventManagementApplication  - fatal Message....
[restartedMain] INFO  com.ems.main.EventManagementApplication  - Info Message....
[restartedMain] WARN  com.ems.main.EventManagementApplication  - Warn Message....
[restartedMain] ERROR com.ems.main.EventManagementApplication  - Error Message....
[restartedMain] FATAL com.ems.main.EventManagementApplication  - fatal Message....
[http-nio-8089-exec-3] INFO  com.ems.service.UserService  - User getUserByEmail
[http-nio-8089-exec-6] INFO  com.ems.service.UserService  - User getUserByEmail
[http-nio-8089-exec-8] INFO  com.ems.service.UserService  - User getUserByEmail
[http-nio-8089-exec-8] INFO  com.ems.service.UserService  - User getUserByEmail
[http-nio-8089-exec-8] INFO  com.ems.service.UserService  - updateLoginAttempts
[http-nio-8089-exec-7] INFO  com.ems.service.UserService  - User getUserByEmail
[http-nio-8089-exec-7] INFO  com.ems.service.UserService  - User getUserByEmail
[http-nio-8089-exec-7] INFO  com.ems.service.UserService  - updateLoginAttempts
[http-nio-8089-exec-10] INFO  com.ems.service.UserService  - User getUserByEmail
[http-nio-8089-exec-3] INFO  com.ems.service.UserService  - User getUserByEmail
[http-nio-8089-exec-3] INFO  com.ems.service.UserService  - User getUserByEmail
[http-nio-8089-exec-3] INFO  com.ems.service.UserService  - updateLoginAttempts
[http-nio-8089-exec-6] INFO  com.ems.service.UserService  - User getUserByEmail
[http-nio-8089-exec-4] INFO  com.ems.service.UserService  - Inside UserService => User getUserById method )
[http-nio-8089-exec-7] INFO  com.ems.service.UserService  - Inside UserService => User getUserById method )
[http-nio-8089-exec-5] INFO  com.ems.service.UserService  - User getUserByEmail
[http-nio-8089-exec-5] INFO  com.ems.service.UserService  - User getUserByEmail
[http-nio-8089-exec-5] INFO  com.ems.service.UserService  - updateLoginAttempts
[http-nio-8089-exec-4] INFO  com.ems.service.UserService  - User getUserByEmail
[http-nio-8089-exec-7] INFO  com.ems.service.UserService  - getUsersByRole
[http-nio-8089-exec-9] INFO  com.ems.service.UserService  - getUsersByRole
[http-nio-8089-exec-1] INFO  com.ems.service.UserService  - getUsersByRole
[http-nio-8089-exec-2] INFO  com.ems.service.UserService  - User getUserByEmail
[http-nio-8089-exec-2] INFO  com.ems.service.UserService  - User getUserByEmail
[http-nio-8089-exec-2] INFO  com.ems.service.UserService  - updateLoginAttempts
[http-nio-8089-exec-3] INFO  com.ems.service.UserService  - User getUserByEmail
[restartedMain] INFO  com.ems.main.EventManagementApplication  - Info Message....
[restartedMain] WARN  com.ems.main.EventManagementApplication  - Warn Message....
[restartedMain] ERROR com.ems.main.EventManagementApplication  - Error Message....
[restartedMain] FATAL com.ems.main.EventManagementApplication  - fatal Message....
[http-nio-8089-exec-2] INFO  com.ems.service.UserService  - User getUserByEmail
[http-nio-8089-exec-2] INFO  com.ems.service.UserService  - User getUserByEmail
[http-nio-8089-exec-2] INFO  com.ems.service.UserService  - updateLoginAttempts
[http-nio-8089-exec-3] INFO  com.ems.service.UserService  - User getUserByEmail
[restartedMain] INFO  com.ems.main.EventManagementApplication  - Info Message....
[restartedMain] WARN  com.ems.main.EventManagementApplication  - Warn Message....
[restartedMain] ERROR com.ems.main.EventManagementApplication  - Error Message....
[restartedMain] FATAL com.ems.main.EventManagementApplication  - fatal Message....
[http-nio-8089-exec-1] INFO  com.ems.service.UserService  - User getUserByEmail
[http-nio-8089-exec-1] INFO  com.ems.service.UserService  - User getUserByEmail
[http-nio-8089-exec-3] INFO  com.ems.service.UserService  - User getUserByEmail
[http-nio-8089-exec-4] INFO  com.ems.service.UserService  - User getUserByEmail
[http-nio-8089-exec-5] INFO  com.ems.service.UserService  - Inside UserService => User getUserById method )
[http-nio-8089-exec-7] INFO  com.ems.service.UserService  - User getUserByEmail
[http-nio-8089-exec-9] INFO  com.ems.service.UserService  - User getUserByEmail
[http-nio-8089-exec-1] INFO  com.ems.service.UserService  - User getUserByEmail
[http-nio-8089-exec-3] INFO  com.ems.service.UserService  - User getUserByEmail
[http-nio-8089-exec-5] INFO  com.ems.service.UserService  - User getUserByEmail
[http-nio-8089-exec-7] INFO  com.ems.service.UserService  - User getUserByEmail
[http-nio-8089-exec-10] INFO  com.ems.service.UserService  - User getUserByEmail
[http-nio-8089-exec-4] INFO  com.ems.service.UserService  - User getUserByEmail
[http-nio-8089-exec-1] INFO  com.ems.service.UserService  - User getUserByEmail
[http-nio-8089-exec-5] INFO  com.ems.service.UserService  - User getUserByEmail
[http-nio-8089-exec-6] INFO  com.ems.service.UserService  - Inside UserService => User getUserById method )
[http-nio-8089-exec-7] INFO  com.ems.service.UserService  - Inside UserService => User getUserById method )
[http-nio-8089-exec-10] INFO  com.ems.service.UserService  - User getUserByEmail
[http-nio-8089-exec-5] INFO  com.ems.service.UserService  - User getUserByEmail
[http-nio-8089-exec-2] INFO  com.ems.service.UserService  - User getUserByEmail
[http-nio-8089-exec-8] INFO  com.ems.service.UserService  - User getUserByEmail
[http-nio-8089-exec-2] INFO  com.ems.service.UserService  - Inside UserService => User getUserById method )
[http-nio-8089-exec-4] INFO  com.ems.service.UserService  - Inside UserService => User getUserById method )
[http-nio-8089-exec-8] INFO  com.ems.service.UserService  - Inside UserService => User getUserById method )
[http-nio-8089-exec-9] INFO  com.ems.service.UserService  - User getUserByEmail
[http-nio-8089-exec-9] INFO  com.ems.service.UserService  - User getUserByEmail
[http-nio-8089-exec-10] INFO  com.ems.service.UserService  - User getUserByEmail
[http-nio-8089-exec-10] INFO  com.ems.service.UserService  - User getUserByEmail
[http-nio-8089-exec-1] INFO  com.ems.service.UserService  - User getUserByEmail
[http-nio-8089-exec-2] INFO  com.ems.service.UserService  - Inside UserService => User getUserById method )
[http-nio-8089-exec-6] INFO  com.ems.service.UserService  - Inside UserService => User getUserById method )
[http-nio-8089-exec-9] INFO  com.ems.service.UserService  - Inside UserService => User getUserById method )
[http-nio-8089-exec-10] INFO  com.ems.service.UserService  - Inside UserService => User getUserById method )
[http-nio-8089-exec-6] INFO  com.ems.service.UserService  - Inside UserService => User getUserById method )
[http-nio-8089-exec-7] INFO  com.ems.service.UserService  - Inside UserService => User getUserById method )
[restartedMain] INFO  com.ems.main.EventManagementApplication  - Info Message....
[restartedMain] WARN  com.ems.main.EventManagementApplication  - Warn Message....
[restartedMain] ERROR com.ems.main.EventManagementApplication  - Error Message....
[restartedMain] FATAL com.ems.main.EventManagementApplication  - fatal Message....
[http-nio-8089-exec-8] INFO  com.ems.service.UserService  - Inside UserService => User getUserById method )
[http-nio-8089-exec-1] INFO  com.ems.service.UserService  - User getUserByEmail
[http-nio-8089-exec-1] INFO  com.ems.service.UserService  - User getUserByEmail
[http-nio-8089-exec-2] INFO  com.ems.service.UserService  - User getUserByEmail
[http-nio-8089-exec-5] INFO  com.ems.service.UserService  - getUsersByRole
[http-nio-8089-exec-6] INFO  com.ems.service.UserService  - getUsersByRole
[http-nio-8089-exec-3] INFO  com.ems.service.UserService  - getUsersByRole
[http-nio-8089-exec-4] INFO  com.ems.service.UserService  - getUsersByRole
[http-nio-8089-exec-5] INFO  com.ems.service.UserService  - getUsersByRole
[http-nio-8089-exec-8] INFO  com.ems.service.UserService  - User getUserByEmail
[http-nio-8089-exec-8] INFO  com.ems.service.UserService  - User getUserByEmail
[http-nio-8089-exec-9] INFO  com.ems.service.UserService  - User getUserByEmail
[http-nio-8089-exec-3] INFO  com.ems.service.UserService  - getUsersByRole
[http-nio-8089-exec-4] INFO  com.ems.service.UserService  - getUsersByRole
[http-nio-8089-exec-5] INFO  com.ems.service.UserService  - getUsersByRole
[http-nio-8089-exec-7] INFO  com.ems.service.UserService  - getUsersByRole
[http-nio-8089-exec-2] INFO  com.ems.service.UserService  - getUsersByRole
[http-nio-8089-exec-4] INFO  com.ems.service.UserService  - getUsersByRole
[http-nio-8089-exec-6] INFO  com.ems.service.UserService  - getUsersByRole
[http-nio-8089-exec-7] INFO  com.ems.service.UserService  - getUsersByRole
[http-nio-8089-exec-10] INFO  com.ems.service.UserService  - getUsersByRole
[http-nio-8089-exec-10] INFO  com.ems.service.UserService  - getUsersByRole
[http-nio-8089-exec-3] INFO  com.ems.service.UserService  - getUsersByRole
[http-nio-8089-exec-1] INFO  com.ems.service.UserService  - getUsersByRole
[http-nio-8089-exec-5] INFO  com.ems.service.UserService  - getUsersByRole
[http-nio-8089-exec-8] INFO  com.ems.service.UserService  - getUsersByRole
[http-nio-8089-exec-4] INFO  com.ems.service.UserService  - getUsersByRole
[http-nio-8089-exec-9] INFO  com.ems.service.UserService  - getUsersByRole
[http-nio-8089-exec-6] INFO  com.ems.service.UserService  - getUsersByRole
[http-nio-8089-exec-1] INFO  com.ems.service.UserService  - getUsersByRole
[http-nio-8089-exec-8] INFO  com.ems.service.UserService  - getUsersByRole
[http-nio-8089-exec-2] INFO  com.ems.service.UserService  - getUsersByRole
[http-nio-8089-exec-3] INFO  com.ems.service.UserService  - getUsersByRole
[http-nio-8089-exec-6] INFO  com.ems.service.UserService  - getUsersByRole
[http-nio-8089-exec-10] INFO  com.ems.service.UserService  - getUsersByRole
[http-nio-8089-exec-5] INFO  com.ems.service.UserService  - getUsersByRole
[http-nio-8089-exec-2] INFO  com.ems.service.UserService  - getUsersByRole
[http-nio-8089-exec-3] INFO  com.ems.service.UserService  - getUsersByRole
[http-nio-8089-exec-7] INFO  com.ems.service.UserService  - getUsersByRole
[http-nio-8089-exec-1] INFO  com.ems.service.UserService  - getUsersByRole
[http-nio-8089-exec-8] INFO  com.ems.service.UserService  - getUsersByRole
[http-nio-8089-exec-4] INFO  com.ems.service.UserService  - getUsersByRole
[http-nio-8089-exec-6] INFO  com.ems.service.UserService  - getUsersByRole
[http-nio-8089-exec-9] INFO  com.ems.service.UserService  - getUsersByRole
[restartedMain] INFO  com.ems.main.EventManagementApplication  - Info Message....
[restartedMain] WARN  com.ems.main.EventManagementApplication  - Warn Message....
[restartedMain] ERROR com.ems.main.EventManagementApplication  - Error Message....
[restartedMain] FATAL com.ems.main.EventManagementApplication  - fatal Message....
[http-nio-8089-exec-2] INFO  com.ems.service.UserService  - User getUserByEmail
[http-nio-8089-exec-2] INFO  com.ems.service.UserService  - User getUserByEmail
[http-nio-8089-exec-3] INFO  com.ems.service.UserService  - User getUserByEmail
[http-nio-8089-exec-5] INFO  com.ems.service.UserService  - getUsersByRole
[http-nio-8089-exec-6] INFO  com.ems.service.UserService  - getUsersByRole
[http-nio-8089-exec-5] INFO  com.ems.service.UserService  - getUsersByRole
[http-nio-8089-exec-4] INFO  com.ems.service.UserService  - Inside UserService => User getUserById method )
[http-nio-8089-exec-7] INFO  com.ems.service.UserService  - Inside UserService => User getUserById method )
[http-nio-8089-exec-8] INFO  com.ems.service.UserService  - updateUserById
[http-nio-8089-exec-8] INFO  com.ems.service.UserService  - updateUserById
[http-nio-8089-exec-9] INFO  com.ems.service.UserService  - getUsersByRole
[http-nio-8089-exec-10] INFO  com.ems.service.UserService  - getUsersByRole
[http-nio-8089-exec-1] INFO  com.ems.service.UserService  - Inside UserService => User getUserById method )
[http-nio-8089-exec-5] INFO  com.ems.service.UserService  - updateUserById
[http-nio-8089-exec-5] INFO  com.ems.service.UserService  - updateUserById
[http-nio-8089-exec-4] INFO  com.ems.service.UserService  - getUsersByRole
[restartedMain] INFO  com.ems.main.EventManagementApplication  - Info Message....
[restartedMain] WARN  com.ems.main.EventManagementApplication  - Warn Message....
[restartedMain] ERROR com.ems.main.EventManagementApplication  - Error Message....
[restartedMain] FATAL com.ems.main.EventManagementApplication  - fatal Message....
[http-nio-8089-exec-3] INFO  com.ems.service.UserService  - User getUserByEmail
[http-nio-8089-exec-3] INFO  com.ems.service.UserService  - User getUserByEmail
[http-nio-8089-exec-4] INFO  com.ems.service.UserService  - User getUserByEmail
[http-nio-8089-exec-4] INFO  com.ems.service.UserService  - User getUserByEmail
[http-nio-8089-exec-5] INFO  com.ems.service.UserService  - User getUserByEmail
[http-nio-8089-exec-5] INFO  com.ems.service.UserService  - User getUserByEmail
[http-nio-8089-exec-6] INFO  com.ems.service.UserService  - User getUserByEmail
[http-nio-8089-exec-8] INFO  com.ems.service.UserService  - User getUserByEmail
[http-nio-8089-exec-3] INFO  com.ems.service.UserService  - User getUserByEmail
[http-nio-8089-exec-7] INFO  com.ems.service.UserService  - User getUserByEmail
[http-nio-8089-exec-7] INFO  com.ems.service.UserService  - User getUserByEmail
[http-nio-8089-exec-9] INFO  com.ems.service.UserService  - User getUserByEmail
[http-nio-8089-exec-1] INFO  com.ems.service.UserService  - getUsersByRole
[http-nio-8089-exec-3] INFO  com.ems.service.UserService  - getUsersByRole
[http-nio-8089-exec-7] INFO  com.ems.service.UserService  - getUsersByRole
[http-nio-8089-exec-9] INFO  com.ems.service.UserService  - getUsersByRole
[http-nio-8089-exec-2] INFO  com.ems.service.UserService  - getUsersByRole
[http-nio-8089-exec-5] INFO  com.ems.service.UserService  - getUsersByRole
[http-nio-8089-exec-6] INFO  com.ems.service.UserService  - getUsersByRole
[http-nio-8089-exec-7] INFO  com.ems.service.UserService  - getUsersByRole
[http-nio-8089-exec-3] INFO  com.ems.service.UserService  - getUsersByRole
[http-nio-8089-exec-5] INFO  com.ems.service.UserService  - getUsersByRole
[http-nio-8089-exec-4] INFO  com.ems.service.UserService  - getUsersByRole
[http-nio-8089-exec-3] INFO  com.ems.service.UserService  - getUsersByRole
[http-nio-8089-exec-2] INFO  com.ems.service.UserService  - getUsersByRole
[http-nio-8089-exec-10] INFO  com.ems.service.UserService  - getUsersByRole
[http-nio-8089-exec-5] INFO  com.ems.service.UserService  - getUsersByRole
[http-nio-8089-exec-6] INFO  com.ems.service.UserService  - getUsersByRole
[http-nio-8089-exec-2] INFO  com.ems.service.UserService  - getUsersByRole
[http-nio-8089-exec-1] INFO  com.ems.service.UserService  - getUsersByRole
[http-nio-8089-exec-9] INFO  com.ems.service.UserService  - User getUserByEmail
[http-nio-8089-exec-9] INFO  com.ems.service.UserService  - User getUserByEmail
[http-nio-8089-exec-10] INFO  com.ems.service.UserService  - User getUserByEmail
[http-nio-8089-exec-6] INFO  com.ems.service.UserService  - User getUserByEmail
[http-nio-8089-exec-7] INFO  com.ems.service.UserService  - User getUserByEmail
[http-nio-8089-exec-7] INFO  com.ems.service.UserService  - User getUserByEmail
[http-nio-8089-exec-4] INFO  com.ems.service.UserService  - User getUserByEmail
[http-nio-8089-exec-2] INFO  com.ems.service.UserService  - Inside UserService => User getUserById method )
[http-nio-8089-exec-5] INFO  com.ems.service.UserService  - Inside UserService => User getUserById method )
[http-nio-8089-exec-8] INFO  com.ems.service.UserService  - Inside UserService => User getUserById method )
[http-nio-8089-exec-7] INFO  com.ems.service.UserService  - Inside UserService => User getUserById method )
[http-nio-8089-exec-4] INFO  com.ems.service.UserService  - Inside UserService => User getUserById method )
[http-nio-8089-exec-2] INFO  com.ems.service.UserService  - Inside UserService => User getUserById method )
[http-nio-8089-exec-1] INFO  com.ems.service.UserService  - Inside UserService => User getUserById method )
[http-nio-8089-exec-9] INFO  com.ems.service.UserService  - Inside UserService => User getUserById method )
[http-nio-8089-exec-10] INFO  com.ems.service.UserService  - Inside UserService => User getUserById method )
[http-nio-8089-exec-6] INFO  com.ems.service.UserService  - Inside UserService => User getUserById method )
[http-nio-8089-exec-3] INFO  com.ems.service.UserService  - Inside UserService => User getUserById method )
[http-nio-8089-exec-1] INFO  com.ems.service.UserService  - Inside UserService => User getUserById method )
[http-nio-8089-exec-9] INFO  com.ems.service.UserService  - Inside UserService => User getUserById method )
[http-nio-8089-exec-8] INFO  com.ems.service.UserService  - User getUserByEmail
[http-nio-8089-exec-8] INFO  com.ems.service.UserService  - User getUserByEmail
[http-nio-8089-exec-6] INFO  com.ems.service.UserService  - User getUserByEmail
[http-nio-8089-exec-7] INFO  com.ems.service.UserService  - User getUserByEmail
[http-nio-8089-exec-2] INFO  com.ems.service.UserService  - Inside UserService => User getUserById method )
[http-nio-8089-exec-3] INFO  com.ems.service.UserService  - User getUserByEmail
[http-nio-8089-exec-3] INFO  com.ems.service.UserService  - User getUserByEmail
[http-nio-8089-exec-1] INFO  com.ems.service.UserService  - User getUserByEmail
[http-nio-8089-exec-10] INFO  com.ems.service.UserService  - Inside UserService => User getUserById method )
[http-nio-8089-exec-6] INFO  com.ems.service.UserService  - Inside UserService => User getUserById method )
[http-nio-8089-exec-3] INFO  com.ems.service.UserService  - User getUserByEmail
[http-nio-8089-exec-3] INFO  com.ems.service.UserService  - User getUserByEmail
[http-nio-8089-exec-1] INFO  com.ems.service.UserService  - User getUserByEmail
[http-nio-8089-exec-8] INFO  com.ems.service.UserService  - getUsersByRole
[http-nio-8089-exec-10] INFO  com.ems.service.UserService  - getUsersByRole
[http-nio-8089-exec-7] INFO  com.ems.service.UserService  - getUsersByRole
[http-nio-8089-exec-4] INFO  com.ems.service.UserService  - getUsersByRole
[http-nio-8089-exec-1] INFO  com.ems.service.UserService  - User getUserByEmail
[http-nio-8089-exec-1] INFO  com.ems.service.UserService  - User getUserByEmail
[http-nio-8089-exec-5] INFO  com.ems.service.UserService  - User getUserByEmail
[http-nio-8089-exec-5] INFO  com.ems.service.UserService  - User getUserByEmail
[http-nio-8089-exec-9] INFO  com.ems.service.UserService  - User getUserByEmail
[http-nio-8089-exec-1] INFO  com.ems.service.UserService  - User getUserByEmail
[http-nio-8089-exec-1] INFO  com.ems.service.UserService  - User getUserByEmail
[http-nio-8089-exec-5] INFO  com.ems.service.UserService  - User getUserByEmail
[restartedMain] INFO  com.ems.main.EventManagementApplication  - Info Message....
[restartedMain] WARN  com.ems.main.EventManagementApplication  - Warn Message....
[restartedMain] ERROR com.ems.main.EventManagementApplication  - Error Message....
[restartedMain] FATAL com.ems.main.EventManagementApplication  - fatal Message....
[restartedMain] INFO  com.ems.main.EventManagementApplication  - Info Message....
[restartedMain] WARN  com.ems.main.EventManagementApplication  - Warn Message....
[restartedMain] ERROR com.ems.main.EventManagementApplication  - Error Message....
[restartedMain] FATAL com.ems.main.EventManagementApplication  - fatal Message....
[restartedMain] INFO  com.ems.main.EventManagementApplication  - Info Message....
[restartedMain] WARN  com.ems.main.EventManagementApplication  - Warn Message....
[restartedMain] ERROR com.ems.main.EventManagementApplication  - Error Message....
[restartedMain] FATAL com.ems.main.EventManagementApplication  - fatal Message....
[restartedMain] INFO  com.ems.main.EventManagementApplication  - Info Message....
[restartedMain] WARN  com.ems.main.EventManagementApplication  - Warn Message....
[restartedMain] ERROR com.ems.main.EventManagementApplication  - Error Message....
[restartedMain] FATAL com.ems.main.EventManagementApplication  - fatal Message....
[restartedMain] INFO  com.ems.main.EventManagementApplication  - Info Message....
[restartedMain] WARN  com.ems.main.EventManagementApplication  - Warn Message....
[restartedMain] ERROR com.ems.main.EventManagementApplication  - Error Message....
[restartedMain] FATAL com.ems.main.EventManagementApplication  - fatal Message....
[restartedMain] INFO  com.ems.main.EventManagementApplication  - Info Message....
[restartedMain] WARN  com.ems.main.EventManagementApplication  - Warn Message....
[restartedMain] ERROR com.ems.main.EventManagementApplication  - Error Message....
[restartedMain] FATAL com.ems.main.EventManagementApplication  - fatal Message....
[restartedMain] INFO  com.ems.main.EventManagementApplication  - Info Message....
[restartedMain] WARN  com.ems.main.EventManagementApplication  - Warn Message....
[restartedMain] ERROR com.ems.main.EventManagementApplication  - Error Message....
[restartedMain] FATAL com.ems.main.EventManagementApplication  - fatal Message....
[restartedMain] INFO  com.ems.main.EventManagementApplication  - Info Message....
[restartedMain] WARN  com.ems.main.EventManagementApplication  - Warn Message....
[restartedMain] ERROR com.ems.main.EventManagementApplication  - Error Message....
[restartedMain] FATAL com.ems.main.EventManagementApplication  - fatal Message....
[restartedMain] INFO  com.ems.main.EventManagementApplication  - Info Message....
[restartedMain] WARN  com.ems.main.EventManagementApplication  - Warn Message....
[restartedMain] ERROR com.ems.main.EventManagementApplication  - Error Message....
[restartedMain] FATAL com.ems.main.EventManagementApplication  - fatal Message....
[restartedMain] INFO  com.ems.main.EventManagementApplication  - Info Message....
[restartedMain] WARN  com.ems.main.EventManagementApplication  - Warn Message....
[restartedMain] ERROR com.ems.main.EventManagementApplication  - Error Message....
[restartedMain] FATAL com.ems.main.EventManagementApplication  - fatal Message....
[restartedMain] INFO  com.ems.main.EventManagementApplication  - Info Message....
[restartedMain] WARN  com.ems.main.EventManagementApplication  - Warn Message....
[restartedMain] ERROR com.ems.main.EventManagementApplication  - Error Message....
[restartedMain] FATAL com.ems.main.EventManagementApplication  - fatal Message....
[restartedMain] INFO  com.ems.main.EventManagementApplication  - Info Message....
[restartedMain] WARN  com.ems.main.EventManagementApplication  - Warn Message....
[restartedMain] ERROR com.ems.main.EventManagementApplication  - Error Message....
[restartedMain] FATAL com.ems.main.EventManagementApplication  - fatal Message....
[restartedMain] INFO  com.ems.main.EventManagementApplication  - Info Message....
[restartedMain] WARN  com.ems.main.EventManagementApplication  - Warn Message....
[restartedMain] ERROR com.ems.main.EventManagementApplication  - Error Message....
[restartedMain] FATAL com.ems.main.EventManagementApplication  - fatal Message....
[restartedMain] INFO  com.ems.main.EventManagementApplication  - Info Message....
[restartedMain] WARN  com.ems.main.EventManagementApplication  - Warn Message....
[restartedMain] ERROR com.ems.main.EventManagementApplication  - Error Message....
[restartedMain] FATAL com.ems.main.EventManagementApplication  - fatal Message....
[restartedMain] INFO  com.ems.main.EventManagementApplication  - Info Message....
[restartedMain] WARN  com.ems.main.EventManagementApplication  - Warn Message....
[restartedMain] ERROR com.ems.main.EventManagementApplication  - Error Message....
[restartedMain] FATAL com.ems.main.EventManagementApplication  - fatal Message....
[restartedMain] INFO  com.ems.main.EventManagementApplication  - Info Message....
[restartedMain] WARN  com.ems.main.EventManagementApplication  - Warn Message....
[restartedMain] ERROR com.ems.main.EventManagementApplication  - Error Message....
[restartedMain] FATAL com.ems.main.EventManagementApplication  - fatal Message....
[restartedMain] INFO  com.ems.main.EventManagementApplication  - Info Message....
[restartedMain] WARN  com.ems.main.EventManagementApplication  - Warn Message....
[restartedMain] ERROR com.ems.main.EventManagementApplication  - Error Message....
[restartedMain] FATAL com.ems.main.EventManagementApplication  - fatal Message....
[restartedMain] INFO  com.ems.main.EventManagementApplication  - Info Message....
[restartedMain] WARN  com.ems.main.EventManagementApplication  - Warn Message....
[restartedMain] ERROR com.ems.main.EventManagementApplication  - Error Message....
[restartedMain] FATAL com.ems.main.EventManagementApplication  - fatal Message....
[restartedMain] INFO  com.ems.main.EventManagementApplication  - Info Message....
[restartedMain] WARN  com.ems.main.EventManagementApplication  - Warn Message....
[restartedMain] ERROR com.ems.main.EventManagementApplication  - Error Message....
[restartedMain] FATAL com.ems.main.EventManagementApplication  - fatal Message....
[restartedMain] INFO  com.ems.main.EventManagementApplication  - Info Message....
[restartedMain] WARN  com.ems.main.EventManagementApplication  - Warn Message....
[restartedMain] ERROR com.ems.main.EventManagementApplication  - Error Message....
[restartedMain] FATAL com.ems.main.EventManagementApplication  - fatal Message....
[restartedMain] INFO  com.ems.main.EventManagementApplication  - Info Message....
[restartedMain] WARN  com.ems.main.EventManagementApplication  - Warn Message....
[restartedMain] ERROR com.ems.main.EventManagementApplication  - Error Message....
[restartedMain] FATAL com.ems.main.EventManagementApplication  - fatal Message....
[restartedMain] INFO  com.ems.main.EventManagementApplication  - Info Message....
[restartedMain] WARN  com.ems.main.EventManagementApplication  - Warn Message....
[restartedMain] ERROR com.ems.main.EventManagementApplication  - Error Message....
[restartedMain] FATAL com.ems.main.EventManagementApplication  - fatal Message....
[restartedMain] INFO  com.ems.main.EventManagementApplication  - Info Message....
[restartedMain] WARN  com.ems.main.EventManagementApplication  - Warn Message....
[restartedMain] ERROR com.ems.main.EventManagementApplication  - Error Message....
[restartedMain] FATAL com.ems.main.EventManagementApplication  - fatal Message....
[restartedMain] INFO  com.ems.main.EventManagementApplication  - Info Message....
[restartedMain] WARN  com.ems.main.EventManagementApplication  - Warn Message....
[restartedMain] ERROR com.ems.main.EventManagementApplication  - Error Message....
[restartedMain] FATAL com.ems.main.EventManagementApplication  - fatal Message....
[restartedMain] INFO  com.ems.main.EventManagementApplication  - Info Message....
[restartedMain] WARN  com.ems.main.EventManagementApplication  - Warn Message....
[restartedMain] ERROR com.ems.main.EventManagementApplication  - Error Message....
[restartedMain] FATAL com.ems.main.EventManagementApplication  - fatal Message....
[restartedMain] INFO  com.ems.main.EventManagementApplication  - Info Message....
[restartedMain] WARN  com.ems.main.EventManagementApplication  - Warn Message....
[restartedMain] ERROR com.ems.main.EventManagementApplication  - Error Message....
[restartedMain] FATAL com.ems.main.EventManagementApplication  - fatal Message....
[restartedMain] INFO  com.ems.main.EventManagementApplication  - Info Message....
[restartedMain] WARN  com.ems.main.EventManagementApplication  - Warn Message....
[restartedMain] ERROR com.ems.main.EventManagementApplication  - Error Message....
[restartedMain] FATAL com.ems.main.EventManagementApplication  - fatal Message....
[restartedMain] INFO  com.ems.main.EventManagementApplication  - Info Message....
[restartedMain] WARN  com.ems.main.EventManagementApplication  - Warn Message....
[restartedMain] ERROR com.ems.main.EventManagementApplication  - Error Message....
[restartedMain] FATAL com.ems.main.EventManagementApplication  - fatal Message....
[restartedMain] INFO  com.ems.main.EventManagementApplication  - Info Message....
[restartedMain] WARN  com.ems.main.EventManagementApplication  - Warn Message....
[restartedMain] ERROR com.ems.main.EventManagementApplication  - Error Message....
[restartedMain] FATAL com.ems.main.EventManagementApplication  - fatal Message....
[restartedMain] INFO  com.ems.main.EventManagementApplication  - Info Message....
[restartedMain] WARN  com.ems.main.EventManagementApplication  - Warn Message....
[restartedMain] ERROR com.ems.main.EventManagementApplication  - Error Message....
[restartedMain] FATAL com.ems.main.EventManagementApplication  - fatal Message....
[restartedMain] INFO  com.ems.main.EventManagementApplication  - Info Message....
[restartedMain] WARN  com.ems.main.EventManagementApplication  - Warn Message....
[restartedMain] ERROR com.ems.main.EventManagementApplication  - Error Message....
[restartedMain] FATAL com.ems.main.EventManagementApplication  - fatal Message....
[restartedMain] INFO  com.ems.main.EventManagementApplication  - Info Message....
[restartedMain] WARN  com.ems.main.EventManagementApplication  - Warn Message....
[restartedMain] ERROR com.ems.main.EventManagementApplication  - Error Message....
[restartedMain] FATAL com.ems.main.EventManagementApplication  - fatal Message....
[restartedMain] INFO  com.ems.main.EventManagementApplication  - Info Message....
[restartedMain] WARN  com.ems.main.EventManagementApplication  - Warn Message....
[restartedMain] ERROR com.ems.main.EventManagementApplication  - Error Message....
[restartedMain] FATAL com.ems.main.EventManagementApplication  - fatal Message....
[restartedMain] INFO  com.ems.main.EventManagementApplication  - Info Message....
[restartedMain] WARN  com.ems.main.EventManagementApplication  - Warn Message....
[restartedMain] ERROR com.ems.main.EventManagementApplication  - Error Message....
[restartedMain] FATAL com.ems.main.EventManagementApplication  - fatal Message....
[restartedMain] INFO  com.ems.main.EventManagementApplication  - Info Message....
[restartedMain] WARN  com.ems.main.EventManagementApplication  - Warn Message....
[restartedMain] ERROR com.ems.main.EventManagementApplication  - Error Message....
[restartedMain] FATAL com.ems.main.EventManagementApplication  - fatal Message....
[restartedMain] INFO  com.ems.main.EventManagementApplication  - Info Message....
[restartedMain] WARN  com.ems.main.EventManagementApplication  - Warn Message....
[restartedMain] ERROR com.ems.main.EventManagementApplication  - Error Message....
[restartedMain] FATAL com.ems.main.EventManagementApplication  - fatal Message....
[restartedMain] INFO  com.ems.main.EventManagementApplication  - Info Message....
[restartedMain] WARN  com.ems.main.EventManagementApplication  - Warn Message....
[restartedMain] ERROR com.ems.main.EventManagementApplication  - Error Message....
[restartedMain] FATAL com.ems.main.EventManagementApplication  - fatal Message....
[restartedMain] INFO  com.ems.main.EventManagementApplication  - Info Message....
[restartedMain] WARN  com.ems.main.EventManagementApplication  - Warn Message....
[restartedMain] ERROR com.ems.main.EventManagementApplication  - Error Message....
[restartedMain] FATAL com.ems.main.EventManagementApplication  - fatal Message....
[restartedMain] INFO  com.ems.main.EventManagementApplication  - Info Message....
[restartedMain] WARN  com.ems.main.EventManagementApplication  - Warn Message....
[restartedMain] ERROR com.ems.main.EventManagementApplication  - Error Message....
[restartedMain] FATAL com.ems.main.EventManagementApplication  - fatal Message....
[restartedMain] INFO  com.ems.main.EventManagementApplication  - Info Message....
[restartedMain] WARN  com.ems.main.EventManagementApplication  - Warn Message....
[restartedMain] ERROR com.ems.main.EventManagementApplication  - Error Message....
[restartedMain] FATAL com.ems.main.EventManagementApplication  - fatal Message....
[restartedMain] INFO  com.ems.main.EventManagementApplication  - Info Message....
[restartedMain] WARN  com.ems.main.EventManagementApplication  - Warn Message....
[restartedMain] ERROR com.ems.main.EventManagementApplication  - Error Message....
[restartedMain] FATAL com.ems.main.EventManagementApplication  - fatal Message....
[restartedMain] INFO  com.ems.main.EventManagementApplication  - Info Message....
[restartedMain] WARN  com.ems.main.EventManagementApplication  - Warn Message....
[restartedMain] ERROR com.ems.main.EventManagementApplication  - Error Message....
[restartedMain] FATAL com.ems.main.EventManagementApplication  - fatal Message....
[restartedMain] INFO  com.ems.main.EventManagementApplication  - Info Message....
[restartedMain] WARN  com.ems.main.EventManagementApplication  - Warn Message....
[restartedMain] ERROR com.ems.main.EventManagementApplication  - Error Message....
[restartedMain] FATAL com.ems.main.EventManagementApplication  - fatal Message....
[restartedMain] INFO  com.ems.main.EventManagementApplication  - Info Message....
[restartedMain] WARN  com.ems.main.EventManagementApplication  - Warn Message....
[restartedMain] ERROR com.ems.main.EventManagementApplication  - Error Message....
[restartedMain] FATAL com.ems.main.EventManagementApplication  - fatal Message....
[restartedMain] INFO  com.ems.main.EventManagementApplication  - Info Message....
[restartedMain] WARN  com.ems.main.EventManagementApplication  - Warn Message....
[restartedMain] ERROR com.ems.main.EventManagementApplication  - Error Message....
[restartedMain] FATAL com.ems.main.EventManagementApplication  - fatal Message....
[restartedMain] INFO  com.ems.main.EventManagementApplication  - Info Message....
[restartedMain] WARN  com.ems.main.EventManagementApplication  - Warn Message....
[restartedMain] ERROR com.ems.main.EventManagementApplication  - Error Message....
[restartedMain] FATAL com.ems.main.EventManagementApplication  - fatal Message....
[restartedMain] INFO  com.ems.main.EventManagementApplication  - Info Message....
[restartedMain] WARN  com.ems.main.EventManagementApplication  - Warn Message....
[restartedMain] ERROR com.ems.main.EventManagementApplication  - Error Message....
[restartedMain] FATAL com.ems.main.EventManagementApplication  - fatal Message....
[restartedMain] INFO  com.ems.main.EventManagementApplication  - Info Message....
[restartedMain] WARN  com.ems.main.EventManagementApplication  - Warn Message....
[restartedMain] ERROR com.ems.main.EventManagementApplication  - Error Message....
[restartedMain] FATAL com.ems.main.EventManagementApplication  - fatal Message....
[restartedMain] INFO  com.ems.main.EventManagementApplication  - Info Message....
[restartedMain] WARN  com.ems.main.EventManagementApplication  - Warn Message....
[restartedMain] ERROR com.ems.main.EventManagementApplication  - Error Message....
[restartedMain] FATAL com.ems.main.EventManagementApplication  - fatal Message....
[restartedMain] INFO  com.ems.main.EventManagementApplication  - Info Message....
[restartedMain] WARN  com.ems.main.EventManagementApplication  - Warn Message....
[restartedMain] ERROR com.ems.main.EventManagementApplication  - Error Message....
[restartedMain] FATAL com.ems.main.EventManagementApplication  - fatal Message....
[restartedMain] INFO  com.ems.main.EventManagementApplication  - Info Message....
[restartedMain] WARN  com.ems.main.EventManagementApplication  - Warn Message....
[restartedMain] ERROR com.ems.main.EventManagementApplication  - Error Message....
[restartedMain] FATAL com.ems.main.EventManagementApplication  - fatal Message....
[restartedMain] INFO  com.ems.main.EventManagementApplication  - Info Message....
[restartedMain] WARN  com.ems.main.EventManagementApplication  - Warn Message....
[restartedMain] ERROR com.ems.main.EventManagementApplication  - Error Message....
[restartedMain] FATAL com.ems.main.EventManagementApplication  - fatal Message....
[restartedMain] INFO  com.ems.main.EventManagementApplication  - Info Message....
[restartedMain] WARN  com.ems.main.EventManagementApplication  - Warn Message....
[restartedMain] ERROR com.ems.main.EventManagementApplication  - Error Message....
[restartedMain] FATAL com.ems.main.EventManagementApplication  - fatal Message....
[restartedMain] INFO  com.ems.main.EventManagementApplication  - Info Message....
[restartedMain] WARN  com.ems.main.EventManagementApplication  - Warn Message....
[restartedMain] ERROR com.ems.main.EventManagementApplication  - Error Message....
[restartedMain] FATAL com.ems.main.EventManagementApplication  - fatal Message....
[restartedMain] INFO  com.ems.main.EventManagementApplication  - Info Message....
[restartedMain] WARN  com.ems.main.EventManagementApplication  - Warn Message....
[restartedMain] ERROR com.ems.main.EventManagementApplication  - Error Message....
[restartedMain] FATAL com.ems.main.EventManagementApplication  - fatal Message....
[restartedMain] INFO  com.ems.main.EventManagementApplication  - Info Message....
[restartedMain] WARN  com.ems.main.EventManagementApplication  - Warn Message....
[restartedMain] ERROR com.ems.main.EventManagementApplication  - Error Message....
[restartedMain] FATAL com.ems.main.EventManagementApplication  - fatal Message....
[restartedMain] INFO  com.ems.main.EventManagementApplication  - Info Message....
[restartedMain] WARN  com.ems.main.EventManagementApplication  - Warn Message....
[restartedMain] ERROR com.ems.main.EventManagementApplication  - Error Message....
[restartedMain] FATAL com.ems.main.EventManagementApplication  - fatal Message....
[restartedMain] INFO  com.ems.main.EventManagementApplication  - Info Message....
[restartedMain] WARN  com.ems.main.EventManagementApplication  - Warn Message....
[restartedMain] ERROR com.ems.main.EventManagementApplication  - Error Message....
[restartedMain] FATAL com.ems.main.EventManagementApplication  - fatal Message....
[restartedMain] INFO  com.ems.main.EventManagementApplication  - Info Message....
[restartedMain] WARN  com.ems.main.EventManagementApplication  - Warn Message....
[restartedMain] ERROR com.ems.main.EventManagementApplication  - Error Message....
[restartedMain] FATAL com.ems.main.EventManagementApplication  - fatal Message....
[restartedMain] INFO  com.ems.main.EventManagementApplication  - Info Message....
[restartedMain] WARN  com.ems.main.EventManagementApplication  - Warn Message....
[restartedMain] ERROR com.ems.main.EventManagementApplication  - Error Message....
[restartedMain] FATAL com.ems.main.EventManagementApplication  - fatal Message....
[restartedMain] INFO  com.ems.main.EventManagementApplication  - Info Message....
[restartedMain] WARN  com.ems.main.EventManagementApplication  - Warn Message....
[restartedMain] ERROR com.ems.main.EventManagementApplication  - Error Message....
[restartedMain] FATAL com.ems.main.EventManagementApplication  - fatal Message....
[restartedMain] INFO  com.ems.main.EventManagementApplication  - Info Message....
[restartedMain] WARN  com.ems.main.EventManagementApplication  - Warn Message....
[restartedMain] ERROR com.ems.main.EventManagementApplication  - Error Message....
[restartedMain] FATAL com.ems.main.EventManagementApplication  - fatal Message....
[restartedMain] INFO  com.ems.main.EventManagementApplication  - Info Message....
[restartedMain] WARN  com.ems.main.EventManagementApplication  - Warn Message....
[restartedMain] ERROR com.ems.main.EventManagementApplication  - Error Message....
[restartedMain] FATAL com.ems.main.EventManagementApplication  - fatal Message....
[restartedMain] INFO  com.ems.main.EventManagementApplication  - Info Message....
[restartedMain] WARN  com.ems.main.EventManagementApplication  - Warn Message....
[restartedMain] ERROR com.ems.main.EventManagementApplication  - Error Message....
[restartedMain] FATAL com.ems.main.EventManagementApplication  - fatal Message....
[restartedMain] INFO  com.ems.main.EventManagementApplication  - Info Message....
[restartedMain] WARN  com.ems.main.EventManagementApplication  - Warn Message....
[restartedMain] ERROR com.ems.main.EventManagementApplication  - Error Message....
[restartedMain] FATAL com.ems.main.EventManagementApplication  - fatal Message....
[restartedMain] INFO  com.ems.main.EventManagementApplication  - Info Message....
[restartedMain] WARN  com.ems.main.EventManagementApplication  - Warn Message....
[restartedMain] ERROR com.ems.main.EventManagementApplication  - Error Message....
[restartedMain] FATAL com.ems.main.EventManagementApplication  - fatal Message....
[restartedMain] INFO  com.ems.main.EventManagementApplication  - Info Message....
[restartedMain] WARN  com.ems.main.EventManagementApplication  - Warn Message....
[restartedMain] ERROR com.ems.main.EventManagementApplication  - Error Message....
[restartedMain] FATAL com.ems.main.EventManagementApplication  - fatal Message....
[restartedMain] INFO  com.ems.main.EventManagementApplication  - Info Message....
[restartedMain] WARN  com.ems.main.EventManagementApplication  - Warn Message....
[restartedMain] ERROR com.ems.main.EventManagementApplication  - Error Message....
[restartedMain] FATAL com.ems.main.EventManagementApplication  - fatal Message....
[restartedMain] INFO  com.ems.main.EventManagementApplication  - Info Message....
[restartedMain] WARN  com.ems.main.EventManagementApplication  - Warn Message....
[restartedMain] ERROR com.ems.main.EventManagementApplication  - Error Message....
[restartedMain] FATAL com.ems.main.EventManagementApplication  - fatal Message....
[restartedMain] INFO  com.ems.main.EventManagementApplication  - Info Message....
[restartedMain] WARN  com.ems.main.EventManagementApplication  - Warn Message....
[restartedMain] ERROR com.ems.main.EventManagementApplication  - Error Message....
[restartedMain] FATAL com.ems.main.EventManagementApplication  - fatal Message....
[restartedMain] INFO  com.ems.main.EventManagementApplication  - Info Message....
[restartedMain] WARN  com.ems.main.EventManagementApplication  - Warn Message....
[restartedMain] ERROR com.ems.main.EventManagementApplication  - Error Message....
[restartedMain] FATAL com.ems.main.EventManagementApplication  - fatal Message....
[restartedMain] INFO  com.ems.main.EventManagementApplication  - Info Message....
[restartedMain] WARN  com.ems.main.EventManagementApplication  - Warn Message....
[restartedMain] ERROR com.ems.main.EventManagementApplication  - Error Message....
[restartedMain] FATAL com.ems.main.EventManagementApplication  - fatal Message....
[restartedMain] INFO  com.ems.main.EventManagementApplication  - Info Message....
[restartedMain] WARN  com.ems.main.EventManagementApplication  - Warn Message....
[restartedMain] ERROR com.ems.main.EventManagementApplication  - Error Message....
[restartedMain] FATAL com.ems.main.EventManagementApplication  - fatal Message....
[restartedMain] INFO  com.ems.main.EventManagementApplication  - Info Message....
[restartedMain] WARN  com.ems.main.EventManagementApplication  - Warn Message....
[restartedMain] ERROR com.ems.main.EventManagementApplication  - Error Message....
[restartedMain] FATAL com.ems.main.EventManagementApplication  - fatal Message....
[restartedMain] INFO  com.ems.main.EventManagementApplication  - Info Message....
[restartedMain] WARN  com.ems.main.EventManagementApplication  - Warn Message....
[restartedMain] ERROR com.ems.main.EventManagementApplication  - Error Message....
[restartedMain] FATAL com.ems.main.EventManagementApplication  - fatal Message....
[restartedMain] INFO  com.ems.main.EventManagementApplication  - Info Message....
[restartedMain] WARN  com.ems.main.EventManagementApplication  - Warn Message....
[restartedMain] ERROR com.ems.main.EventManagementApplication  - Error Message....
[restartedMain] FATAL com.ems.main.EventManagementApplication  - fatal Message....
[restartedMain] INFO  com.ems.main.EventManagementApplication  - Info Message....
[restartedMain] WARN  com.ems.main.EventManagementApplication  - Warn Message....
[restartedMain] ERROR com.ems.main.EventManagementApplication  - Error Message....
[restartedMain] FATAL com.ems.main.EventManagementApplication  - fatal Message....
[restartedMain] INFO  com.ems.main.EventManagementApplication  - Info Message....
[restartedMain] WARN  com.ems.main.EventManagementApplication  - Warn Message....
[restartedMain] ERROR com.ems.main.EventManagementApplication  - Error Message....
[restartedMain] FATAL com.ems.main.EventManagementApplication  - fatal Message....
[restartedMain] INFO  com.ems.main.EventManagementApplication  - Info Message....
[restartedMain] WARN  com.ems.main.EventManagementApplication  - Warn Message....
[restartedMain] ERROR com.ems.main.EventManagementApplication  - Error Message....
[restartedMain] FATAL com.ems.main.EventManagementApplication  - fatal Message....
[restartedMain] INFO  com.ems.main.EventManagementApplication  - Info Message....
[restartedMain] WARN  com.ems.main.EventManagementApplication  - Warn Message....
[restartedMain] ERROR com.ems.main.EventManagementApplication  - Error Message....
[restartedMain] FATAL com.ems.main.EventManagementApplication  - fatal Message....
[restartedMain] INFO  com.ems.main.EventManagementApplication  - Info Message....
[restartedMain] WARN  com.ems.main.EventManagementApplication  - Warn Message....
[restartedMain] ERROR com.ems.main.EventManagementApplication  - Error Message....
[restartedMain] FATAL com.ems.main.EventManagementApplication  - fatal Message....
[restartedMain] INFO  com.ems.main.EventManagementApplication  - Info Message....
[restartedMain] WARN  com.ems.main.EventManagementApplication  - Warn Message....
[restartedMain] ERROR com.ems.main.EventManagementApplication  - Error Message....
[restartedMain] FATAL com.ems.main.EventManagementApplication  - fatal Message....
[restartedMain] INFO  com.ems.main.EventManagementApplication  - Info Message....
[restartedMain] WARN  com.ems.main.EventManagementApplication  - Warn Message....
[restartedMain] ERROR com.ems.main.EventManagementApplication  - Error Message....
[restartedMain] FATAL com.ems.main.EventManagementApplication  - fatal Message....
[restartedMain] INFO  com.ems.main.EventManagementApplication  - Info Message....
[restartedMain] WARN  com.ems.main.EventManagementApplication  - Warn Message....
[restartedMain] ERROR com.ems.main.EventManagementApplication  - Error Message....
[restartedMain] FATAL com.ems.main.EventManagementApplication  - fatal Message....
[restartedMain] INFO  com.ems.main.EventManagementApplication  - Info Message....
[restartedMain] WARN  com.ems.main.EventManagementApplication  - Warn Message....
[restartedMain] ERROR com.ems.main.EventManagementApplication  - Error Message....
[restartedMain] FATAL com.ems.main.EventManagementApplication  - fatal Message....
[restartedMain] INFO  com.ems.main.EventManagementApplication  - Info Message....
[restartedMain] WARN  com.ems.main.EventManagementApplication  - Warn Message....
[restartedMain] ERROR com.ems.main.EventManagementApplication  - Error Message....
[restartedMain] FATAL com.ems.main.EventManagementApplication  - fatal Message....
[restartedMain] INFO  com.ems.main.EventManagementApplication  - Info Message....
[restartedMain] WARN  com.ems.main.EventManagementApplication  - Warn Message....
[restartedMain] ERROR com.ems.main.EventManagementApplication  - Error Message....
[restartedMain] FATAL com.ems.main.EventManagementApplication  - fatal Message....
[restartedMain] INFO  com.ems.main.EventManagementApplication  - Info Message....
[restartedMain] WARN  com.ems.main.EventManagementApplication  - Warn Message....
[restartedMain] ERROR com.ems.main.EventManagementApplication  - Error Message....
[restartedMain] FATAL com.ems.main.EventManagementApplication  - fatal Message....
[restartedMain] INFO  com.ems.main.EventManagementApplication  - Info Message....
[restartedMain] WARN  com.ems.main.EventManagementApplication  - Warn Message....
[restartedMain] ERROR com.ems.main.EventManagementApplication  - Error Message....
[restartedMain] FATAL com.ems.main.EventManagementApplication  - fatal Message....
[restartedMain] INFO  com.ems.main.EventManagementApplication  - Info Message....
[restartedMain] WARN  com.ems.main.EventManagementApplication  - Warn Message....
[restartedMain] ERROR com.ems.main.EventManagementApplication  - Error Message....
[restartedMain] FATAL com.ems.main.EventManagementApplication  - fatal Message....
[restartedMain] INFO  com.ems.main.EventManagementApplication  - Info Message....
[restartedMain] WARN  com.ems.main.EventManagementApplication  - Warn Message....
[restartedMain] ERROR com.ems.main.EventManagementApplication  - Error Message....
[restartedMain] FATAL com.ems.main.EventManagementApplication  - fatal Message....
[restartedMain] INFO  com.ems.main.EventManagementApplication  - Info Message....
[restartedMain] WARN  com.ems.main.EventManagementApplication  - Warn Message....
[restartedMain] ERROR com.ems.main.EventManagementApplication  - Error Message....
[restartedMain] FATAL com.ems.main.EventManagementApplication  - fatal Message....
[http-nio-8089-exec-4] INFO  com.ems.service.UserService  - User getUserByEmail
[http-nio-8089-exec-4] INFO  com.ems.service.UserService  - User getUserByEmail
[http-nio-8089-exec-5] INFO  com.ems.service.UserService  - User getUserByEmail
[http-nio-8089-exec-7] INFO  com.ems.service.UserService  - User getUserByEmail
[http-nio-8089-exec-10] INFO  com.ems.service.UserService  - Inside UserService => User getUserById method )
[http-nio-8089-exec-4] INFO  com.ems.service.UserService  - User getUserByEmail
[http-nio-8089-exec-4] INFO  com.ems.service.UserService  - User getUserByEmail
[http-nio-8089-exec-6] INFO  com.ems.service.UserService  - User getUserByEmail
[http-nio-8089-exec-8] INFO  com.ems.service.UserService  - Inside UserService => User getUserById method )
[http-nio-8089-exec-2] INFO  com.ems.service.UserService  - User getUserByEmail
[http-nio-8089-exec-2] INFO  com.ems.service.UserService  - User getUserByEmail
[http-nio-8089-exec-3] INFO  com.ems.service.UserService  - User getUserByEmail
[http-nio-8089-exec-7] INFO  com.ems.service.UserService  - getUsersByRole
[http-nio-8089-exec-5] INFO  com.ems.service.UserService  - getUsersByRole
[http-nio-8089-exec-2] INFO  com.ems.service.UserService  - getUsersByRole
[http-nio-8089-exec-3] INFO  com.ems.service.UserService  - getUsersByRole
[http-nio-8089-exec-4] INFO  com.ems.service.UserService  - getUsersByRole
[http-nio-8089-exec-6] INFO  com.ems.service.UserService  - getUsersByRole
[http-nio-8089-exec-2] INFO  com.ems.service.UserService  - getUsersByRole
[http-nio-8089-exec-8] INFO  com.ems.service.UserService  - getUsersByRole
[http-nio-8089-exec-5] INFO  com.ems.service.UserService  - getUsersByRole
[http-nio-8089-exec-7] INFO  com.ems.service.UserService  - getUsersByRole
[http-nio-8089-exec-8] INFO  com.ems.service.UserService  - User getUserByEmail
[http-nio-8089-exec-8] INFO  com.ems.service.UserService  - User getUserByEmail
[http-nio-8089-exec-3] INFO  com.ems.service.UserService  - User getUserByEmail
[http-nio-8089-exec-7] INFO  com.ems.service.UserService  - User getUserByEmail
[http-nio-8089-exec-9] INFO  com.ems.service.UserService  - User getUserByEmail
[http-nio-8089-exec-8] INFO  com.ems.service.UserService  - User getUserByEmail
[http-nio-8089-exec-8] INFO  com.ems.service.UserService  - User getUserByEmail
[http-nio-8089-exec-3] INFO  com.ems.service.UserService  - User getUserByEmail
[http-nio-8089-exec-9] INFO  com.ems.service.UserService  - User getUserByEmail
[http-nio-8089-exec-9] INFO  com.ems.service.UserService  - User getUserByEmail
[http-nio-8089-exec-1] INFO  com.ems.service.UserService  - User getUserByEmail
[http-nio-8089-exec-8] INFO  com.ems.service.UserService  - getUsersByRole
[http-nio-8089-exec-7] INFO  com.ems.service.UserService  - getUsersByRole
[restartedMain] INFO  com.ems.main.EventManagementApplication  - Info Message....
[restartedMain] WARN  com.ems.main.EventManagementApplication  - Warn Message....
[restartedMain] ERROR com.ems.main.EventManagementApplication  - Error Message....
[restartedMain] FATAL com.ems.main.EventManagementApplication  - fatal Message....
[http-nio-8089-exec-2] INFO  com.ems.service.UserService  - User getUserByEmail
[http-nio-8089-exec-2] INFO  com.ems.service.UserService  - User getUserByEmail
[http-nio-8089-exec-4] INFO  com.ems.service.UserService  - User getUserByEmail
[http-nio-8089-exec-5] INFO  com.ems.service.UserService  - User getUserByEmail
[http-nio-8089-exec-7] INFO  com.ems.service.UserService  - Inside UserService => User getUserById method )
[http-nio-8089-exec-6] INFO  com.ems.service.UserService  - User getUserByEmail
[http-nio-8089-exec-6] INFO  com.ems.service.UserService  - User getUserByEmail
[http-nio-8089-exec-8] INFO  com.ems.service.UserService  - User getUserByEmail
[http-nio-8089-exec-1] INFO  com.ems.service.UserService  - getUsersByRole
[http-nio-8089-exec-2] INFO  com.ems.service.UserService  - getUsersByRole
[restartedMain] INFO  com.ems.main.EventManagementApplication  - Info Message....
[restartedMain] WARN  com.ems.main.EventManagementApplication  - Warn Message....
[restartedMain] ERROR com.ems.main.EventManagementApplication  - Error Message....
[restartedMain] FATAL com.ems.main.EventManagementApplication  - fatal Message....
[http-nio-8089-exec-6] INFO  com.ems.service.UserService  - getUsersByRole
[http-nio-8089-exec-7] INFO  com.ems.service.UserService  - getUsersByRole
[http-nio-8089-exec-3] INFO  com.ems.service.UserService  - User getUserByEmail
[http-nio-8089-exec-3] INFO  com.ems.service.UserService  - User getUserByEmail
[http-nio-8089-exec-1] INFO  com.ems.service.UserService  - User getUserByEmail
[http-nio-8089-exec-1] INFO  com.ems.service.UserService  - User getUserByEmail
[http-nio-8089-exec-6] INFO  com.ems.service.UserService  - User getUserByEmail
[restartedMain] INFO  com.ems.main.EventManagementApplication  - Info Message....
[restartedMain] WARN  com.ems.main.EventManagementApplication  - Warn Message....
[restartedMain] ERROR com.ems.main.EventManagementApplication  - Error Message....
[restartedMain] FATAL com.ems.main.EventManagementApplication  - fatal Message....
[http-nio-8089-exec-2] INFO  com.ems.service.UserService  - User getUserByEmail
[http-nio-8089-exec-2] INFO  com.ems.service.UserService  - User getUserByEmail
[http-nio-8089-exec-3] INFO  com.ems.service.UserService  - User getUserByEmail
[http-nio-8089-exec-4] INFO  com.ems.service.UserService  - User getUserByEmail
[http-nio-8089-exec-2] INFO  com.ems.service.UserService  - User getUserByEmail
[http-nio-8089-exec-2] INFO  com.ems.service.UserService  - User getUserByEmail
[http-nio-8089-exec-3] INFO  com.ems.service.UserService  - User getUserByEmail
[http-nio-8089-exec-5] INFO  com.ems.service.UserService  - User getUserByEmail
[http-nio-8089-exec-7] INFO  com.ems.service.UserService  - User getUserByEmail
[http-nio-8089-exec-1] INFO  com.ems.service.UserService  - User getUserByEmail
[http-nio-8089-exec-10] INFO  com.ems.service.UserService  - Inside UserService => User getUserById method )
[http-nio-8089-exec-3] INFO  com.ems.service.UserService  - updateUserById
[http-nio-8089-exec-3] INFO  com.ems.service.UserService  - updateUserById
[http-nio-8089-exec-4] INFO  com.ems.service.UserService  - User getUserByEmail
[http-nio-8089-exec-7] INFO  com.ems.service.UserService  - User getUserByEmail
[http-nio-8089-exec-7] INFO  com.ems.service.UserService  - User getUserByEmail
[http-nio-8089-exec-6] INFO  com.ems.service.UserService  - User getUserByEmail
[http-nio-8089-exec-6] INFO  com.ems.service.UserService  - User getUserByEmail
[http-nio-8089-exec-9] INFO  com.ems.service.UserService  - User getUserByEmail
[http-nio-8089-exec-9] INFO  com.ems.service.UserService  - User getUserByEmail
[http-nio-8089-exec-1] INFO  com.ems.service.UserService  - User getUserByEmail
[http-nio-8089-exec-7] INFO  com.ems.service.UserService  - Inside UserService => User getUserById method )
[http-nio-8089-exec-2] INFO  com.ems.service.UserService  - Inside UserService => User getUserById method )
[http-nio-8089-exec-7] INFO  com.ems.service.UserService  - User getUserByEmail
[http-nio-8089-exec-7] INFO  com.ems.service.UserService  - User getUserByEmail
[http-nio-8089-exec-6] INFO  com.ems.service.UserService  - User getUserByEmail
[http-nio-8089-exec-8] INFO  com.ems.service.UserService  - getUsersByRole
[http-nio-8089-exec-10] INFO  com.ems.service.UserService  - getUsersByRole
[http-nio-8089-exec-5] INFO  com.ems.service.UserService  - getUsersByRole
[http-nio-8089-exec-4] INFO  com.ems.service.UserService  - getUsersByRole
[http-nio-8089-exec-7] INFO  com.ems.service.UserService  - getUsersByRole
[http-nio-8089-exec-6] INFO  com.ems.service.UserService  - Inside UserService => User getUserById method )
[http-nio-8089-exec-9] INFO  com.ems.service.UserService  - updateUserById
[http-nio-8089-exec-9] INFO  com.ems.service.UserService  - updateUserById
[http-nio-8089-exec-5] INFO  com.ems.service.UserService  - getUsersByRole
[http-nio-8089-exec-2] INFO  com.ems.service.UserService  - getUsersByRole
[http-nio-8089-exec-4] INFO  com.ems.service.UserService  - getUsersByRole
[restartedMain] INFO  com.ems.main.EventManagementApplication  - Info Message....
[restartedMain] WARN  com.ems.main.EventManagementApplication  - Warn Message....
[restartedMain] ERROR com.ems.main.EventManagementApplication  - Error Message....
[restartedMain] FATAL com.ems.main.EventManagementApplication  - fatal Message....
[http-nio-8085-exec-4] INFO  com.ems.service.UserService  - User getUserByEmail
[http-nio-8085-exec-4] INFO  com.ems.service.UserService  - addUser
[http-nio-8085-exec-1] INFO  com.ems.service.UserService  - User getUserByEmail
[http-nio-8085-exec-1] INFO  com.ems.service.UserService  - User getUserByEmail
[http-nio-8085-exec-9] INFO  com.ems.service.UserService  - getUsersByRole
[http-nio-8085-exec-10] INFO  com.ems.service.UserService  - getUsersByRole
[http-nio-8085-exec-6] INFO  com.ems.service.UserService  - User getUserByEmail
[http-nio-8085-exec-2] INFO  com.ems.service.UserService  - getUsersByRole
[http-nio-8085-exec-5] INFO  com.ems.service.UserService  - getUsersByRole
[http-nio-8085-exec-2] INFO  com.ems.service.UserService  - getUsersByRole
[http-nio-8085-exec-6] INFO  com.ems.service.UserService  - getUsersByRole
[http-nio-8085-exec-6] INFO  com.ems.service.UserService  - getUsersByRole
[http-nio-8085-exec-2] INFO  com.ems.service.UserService  - getUsersByRole
[http-nio-8085-exec-10] INFO  com.ems.service.UserService  - User getUserByEmail
[http-nio-8085-exec-10] INFO  com.ems.service.UserService  - addUser
[http-nio-8085-exec-8] INFO  com.ems.service.UserService  - User getUserByEmail
[http-nio-8085-exec-8] INFO  com.ems.service.UserService  - User getUserByEmail
[http-nio-8085-exec-7] INFO  com.ems.service.UserService  - User getUserByEmail
[http-nio-8085-exec-1] INFO  com.ems.service.UserService  - Inside UserService => User getUserById method )
[http-nio-8085-exec-4] INFO  com.ems.service.UserService  - Inside UserService => User getUserById method )
[http-nio-8085-exec-6] INFO  com.ems.service.UserService  - Inside UserService => User getUserById method )
[http-nio-8085-exec-4] INFO  com.ems.service.UserService  - User getUserByEmail
[http-nio-8085-exec-4] INFO  com.ems.service.UserService  - User getUserByEmail
[http-nio-8085-exec-6] INFO  com.ems.service.UserService  - User getUserByEmail
[http-nio-8085-exec-8] INFO  com.ems.service.UserService  - getUsersByRole
[http-nio-8085-exec-2] INFO  com.ems.service.UserService  - getUsersByRole
[http-nio-8085-exec-8] INFO  com.ems.service.UserService  - User getUserByEmail
[http-nio-8085-exec-8] INFO  com.ems.service.UserService  - addUser
[http-nio-8085-exec-2] INFO  com.ems.service.UserService  - User getUserByEmail
[http-nio-8085-exec-2] INFO  com.ems.service.UserService  - User getUserByEmail
[http-nio-8085-exec-10] INFO  com.ems.service.UserService  - User getUserByEmail
[http-nio-8085-exec-4] INFO  com.ems.service.UserService  - User getUserByEmail
[http-nio-8085-exec-1] INFO  com.ems.service.UserService  - User getUserByEmail
[http-nio-8085-exec-1] INFO  com.ems.service.UserService  - User getUserByEmail
[http-nio-8085-exec-5] INFO  com.ems.service.UserService  - User getUserByEmail
[http-nio-8085-exec-5] INFO  com.ems.service.UserService  - getUsersByRole
[http-nio-8085-exec-9] INFO  com.ems.service.UserService  - getUsersByRole
[http-nio-8085-exec-3] INFO  com.ems.service.UserService  - getUsersByRole
[http-nio-8085-exec-1] INFO  com.ems.service.UserService  - User getUserByEmail
[http-nio-8085-exec-1] INFO  com.ems.service.UserService  - User getUserByEmail
[http-nio-8085-exec-4] INFO  com.ems.service.UserService  - User getUserByEmail
[http-nio-8085-exec-4] INFO  com.ems.service.UserService  - getUsersByRole
[http-nio-8085-exec-9] INFO  com.ems.service.UserService  - getUsersByRole
[http-nio-8085-exec-2] INFO  com.ems.service.UserService  - getUsersByRole
[http-nio-8085-exec-8] INFO  com.ems.service.UserService  - getUsersByRole
[http-nio-8085-exec-4] INFO  com.ems.service.UserService  - getUsersByRole
[http-nio-8085-exec-9] INFO  com.ems.service.UserService  - getUsersByRole
[restartedMain] INFO  com.ems.main.EventManagementApplication  - Info Message....
[restartedMain] WARN  com.ems.main.EventManagementApplication  - Warn Message....
[restartedMain] ERROR com.ems.main.EventManagementApplication  - Error Message....
[restartedMain] FATAL com.ems.main.EventManagementApplication  - fatal Message....
[restartedMain] INFO  com.ems.main.EventManagementApplication  - Info Message....
[restartedMain] WARN  com.ems.main.EventManagementApplication  - Warn Message....
[restartedMain] ERROR com.ems.main.EventManagementApplication  - Error Message....
[restartedMain] FATAL com.ems.main.EventManagementApplication  - fatal Message....
[http-nio-8085-exec-6] INFO  com.ems.service.UserService  - User getUserByEmail
[http-nio-8085-exec-8] INFO  com.ems.service.UserService  - User getUserByEmail
[http-nio-8085-exec-1] INFO  com.ems.service.UserService  - User getUserByEmail
[http-nio-8085-exec-1] INFO  com.ems.service.UserService  - User getUserByEmail
[http-nio-8085-exec-2] INFO  com.ems.service.UserService  - User getUserByEmail
[http-nio-8085-exec-5] INFO  com.ems.service.UserService  - getUsersByRole
[http-nio-8085-exec-6] INFO  com.ems.service.UserService  - getUsersByRole
[http-nio-8085-exec-8] INFO  com.ems.service.UserService  - getUsersByRole
[http-nio-8085-exec-9] INFO  com.ems.service.UserService  - getUsersByRole
[http-nio-8085-exec-10] INFO  com.ems.service.UserService  - User getUserByEmail
[http-nio-8085-exec-10] INFO  com.ems.service.UserService  - User getUserByEmail
[http-nio-8085-exec-4] INFO  com.ems.service.UserService  - User getUserByEmail
[http-nio-8085-exec-5] INFO  com.ems.service.UserService  - getUsersByRole
[http-nio-8085-exec-3] INFO  com.ems.service.UserService  - getUsersByRole
[http-nio-8085-exec-5] INFO  com.ems.service.UserService  - User getUserByEmail
[http-nio-8085-exec-1] INFO  com.ems.service.UserService  - User getUserByEmail
[http-nio-8085-exec-1] INFO  com.ems.service.UserService  - User getUserByEmail
[http-nio-8085-exec-8] INFO  com.ems.service.UserService  - User getUserByEmail
[http-nio-8085-exec-4] INFO  com.ems.service.UserService  - User getUserByEmail
[http-nio-8085-exec-4] INFO  com.ems.service.UserService  - User getUserByEmail
[http-nio-8085-exec-7] INFO  com.ems.service.UserService  - User getUserByEmail
[http-nio-8085-exec-5] INFO  com.ems.service.UserService  - User getUserByEmail
[http-nio-8085-exec-3] INFO  com.ems.service.UserService  - User getUserByEmail
[http-nio-8085-exec-3] INFO  com.ems.service.UserService  - User getUserByEmail
[http-nio-8085-exec-1] INFO  com.ems.service.UserService  - User getUserByEmail
[http-nio-8085-exec-10] INFO  com.ems.service.UserService  - getUsersByRole
[http-nio-8085-exec-9] INFO  com.ems.service.UserService  - getUsersByRole
[http-nio-8085-exec-9] INFO  com.ems.service.UserService  - getUsersByRole
[http-nio-8085-exec-2] INFO  com.ems.service.UserService  - getUsersByRole
[http-nio-8085-exec-4] INFO  com.ems.service.UserService  - User getUserByEmail
[http-nio-8085-exec-4] INFO  com.ems.service.UserService  - User getUserByEmail
[http-nio-8085-exec-1] INFO  com.ems.service.UserService  - User getUserByEmail
[http-nio-8085-exec-8] INFO  com.ems.service.UserService  - getUsersByRole
[http-nio-8085-exec-2] INFO  com.ems.service.UserService  - getUsersByRole
[http-nio-8085-exec-3] INFO  com.ems.service.UserService  - getUsersByRole
[http-nio-8085-exec-7] INFO  com.ems.service.UserService  - getUsersByRole
